[2026-02-20T20:33:29] Starting verification for game date 2026-02-24
[2026-02-20T20:33:29] Network unavailable — skipping verification. Will retry next cycle.
[2026-02-20T21:10:18] Starting verification for game date 2026-02-18
[2026-02-20T21:10:18] Network unavailable — skipping verification. Will retry next cycle.
[2026-02-20T21:11:42] Starting verification for game date 2026-02-18
[2026-02-20T21:11:42] Network unavailable — skipping verification. Will retry next cycle.
[2026-02-20T22:42:27] Starting verification for game date 2026-02-18
[2026-02-20T22:42:27] Network unavailable — skipping verification. Will retry next cycle.
[2026-02-20T22:51:05] Starting verification for game date 2026-02-26
[2026-02-20T22:51:05] Network unavailable — skipping verification. Will retry next cycle.
[2026-02-20T23:17:14] Starting verification for game date 2026-02-18
[2026-02-20T23:17:15] WARN: Failed to fetch Venus: Bad response code 503
[2026-02-20T23:17:15] WARN: Failed to fetch Jupiter: Bad response code 503
[2026-02-20T23:17:15] WARN: Failed to fetch Uranus: Bad response code 503
[2026-02-20T23:17:15] WARN: Failed to fetch Saturn: Bad response code 503
[2026-02-20T23:17:15] WARN: Failed to fetch Neptune: Bad response code 503
[2026-02-20T23:17:15] No JPL data received — skipping verification (network may be unavailable)
[2026-02-20T23:17:43] Starting verification for game date 2026-02-18
[2026-02-20T23:17:44] WARN: Failed to fetch Earth: Bad response code 503
[2026-02-20T23:17:44] WARN: Failed to fetch Mars: Bad response code 503
[2026-02-20T23:17:44] WARN: Failed to fetch Saturn: Bad response code 503
[2026-02-20T23:17:44] WARN: Failed to fetch Uranus: Bad response code 503
[2026-02-20T23:17:44] WARN: Failed to fetch Neptune: Bad response code 503
[2026-02-20T23:17:44] No JPL data received — skipping verification (network may be unavailable)
[2026-02-20T23:45:38] Starting verification for game date 2026-02-18
[2026-02-20T23:45:39] WARN: Failed to fetch Mars: Bad response code 503
[2026-02-20T23:45:39] WARN: Failed to fetch Jupiter: Bad response code 503
[2026-02-20T23:45:39] WARN: Failed to fetch Saturn: Bad response code 503
[2026-02-20T23:45:39] WARN: Failed to fetch Uranus: Bad response code 503
[2026-02-20T23:45:39] WARN: Failed to fetch Neptune: Bad response code 503
[2026-02-20T23:45:39] No JPL data received — skipping verification (network may be unavailable)
[2026-02-20T23:46:36] Starting verification for game date 2026-02-24
[2026-02-20T23:46:37] WARN: Failed to fetch Jupiter: Bad response code 503
[2026-02-20T23:46:38] WARN: Failed to fetch Venus: Bad response code 503
[2026-02-20T23:46:38] WARN: Failed to fetch Earth: Bad response code 503
[2026-02-20T23:46:38] WARN: Failed to fetch Uranus: Bad response code 503
[2026-02-20T23:46:38] WARN: Failed to fetch Neptune: Bad response code 503
[2026-02-20T23:46:38] No JPL data received — skipping verification (network may be unavailable)
[2026-02-20T23:56:57] Starting verification for game date 2026-02-18
[2026-02-20T23:56:58] WARN: Failed to fetch Earth: Bad response code 503
[2026-02-20T23:56:58] WARN: Failed to fetch Jupiter: Bad response code 503
[2026-02-20T23:56:58] WARN: Failed to fetch Saturn: Bad response code 503
[2026-02-20T23:56:58] WARN: Failed to fetch Uranus: Bad response code 503
[2026-02-20T23:56:58] WARN: Failed to fetch Neptune: Bad response code 503
[2026-02-20T23:56:58] No JPL data received — skipping verification (network may be unavailable)
[2026-02-21T12:52:04] Starting verification for game date 2026-02-23
[2026-02-21T12:52:05] Network unavailable — skipping verification. Will retry next cycle.
[2026-02-21T13:03:11] Starting verification for game date 2026-02-23
[2026-02-21T13:03:11] Network unavailable — skipping verification. Will retry next cycle.
[2026-02-21T13:06:05] Starting verification for game date 2026-02-23
[2026-02-21T13:06:05] Network unavailable — skipping verification. Will retry next cycle.
[2026-02-21T13:13:54] Starting verification for game date 2026-02-25
[2026-02-21T13:13:54] Network unavailable — skipping verification. Will retry next cycle.
[2026-02-21T13:40:55] Starting verification for game date 2026-02-24
[2026-02-21T13:40:56] WARN: Failed to fetch Earth: Bad response code 503
[2026-02-21T13:40:56] WARN: Failed to fetch Uranus: Bad response code 503
[2026-02-21T13:40:56] WARN: Failed to fetch Jupiter: Bad response code 503
[2026-02-21T13:40:56] WARN: Failed to fetch Saturn: Bad response code 503
[2026-02-21T13:40:56] WARN: Failed to fetch Neptune: Bad response code 503
[2026-02-21T13:40:57] No JPL data received — skipping verification (network may be unavailable)
[2026-02-21T13:47:08] Starting verification for game date 2026-02-18
[2026-02-21T13:47:08] WARN: Failed to fetch Venus: Bad response code 503
[2026-02-21T13:47:08] WARN: Failed to fetch Mars: Bad response code 503
[2026-02-21T13:47:08] WARN: Failed to fetch Saturn: Bad response code 503
[2026-02-21T13:47:08] WARN: Failed to fetch Uranus: Bad response code 503
[2026-02-21T13:47:08] WARN: Failed to fetch Neptune: Bad response code 503
[2026-02-21T13:47:09] No JPL data received — skipping verification (network may be unavailable)
[2026-02-21T13:48:53] Starting verification for game date 2026-02-18
[2026-02-21T13:48:54] WARN: Failed to fetch Venus: Bad response code 503
[2026-02-21T13:48:54] WARN: Failed to fetch Jupiter: Bad response code 503
[2026-02-21T13:48:54] WARN: Failed to fetch Saturn: Bad response code 503
[2026-02-21T13:48:54] WARN: Failed to fetch Uranus: Bad response code 503
[2026-02-21T13:48:54] WARN: Failed to fetch Neptune: Bad response code 503
[2026-02-21T13:48:54] No JPL data received — skipping verification (network may be unavailable)
[2026-02-21T13:52:11] Starting verification for game date 2026-02-26
[2026-02-21T13:52:12] WARN: Failed to fetch Saturn: Bad response code 503
[2026-02-21T13:52:12] WARN: Failed to fetch Uranus: Bad response code 503
[2026-02-21T13:52:12] WARN: Failed to fetch Mars: Bad response code 503
[2026-02-21T13:52:12] WARN: Failed to fetch Jupiter: Bad response code 503
[2026-02-21T13:52:12] No JPL data received — skipping verification (network may be unavailable)
[2026-02-21T13:57:43] Starting verification for game date 2026-02-18
[2026-02-21T13:57:44] WARN: Failed to fetch Mars: Bad response code 503
[2026-02-21T13:57:44] WARN: Failed to fetch Jupiter: Bad response code 503
[2026-02-21T13:57:44] WARN: Failed to fetch Saturn: Bad response code 503
[2026-02-21T13:57:44] WARN: Failed to fetch Uranus: Bad response code 503
[2026-02-21T13:57:44] WARN: Failed to fetch Neptune: Bad response code 503
[2026-02-21T13:57:44] No JPL data received — skipping verification (network may be unavailable)
[2026-02-21T13:58:23] Starting verification for game date 2026-02-18
[2026-02-21T13:58:24] WARN: Failed to fetch Earth: Bad response code 503
[2026-02-21T13:58:24] WARN: Failed to fetch Jupiter: Bad response code 503
[2026-02-21T13:58:24] WARN: Failed to fetch Saturn: Bad response code 503
[2026-02-21T13:58:24] WARN: Failed to fetch Uranus: Bad response code 503
[2026-02-21T13:58:24] WARN: Failed to fetch Neptune: Bad response code 503
[2026-02-21T13:58:24] No JPL data received — skipping verification (network may be unavailable)
[2026-02-21T14:01:10] Starting verification for game date 2026-02-18
[2026-02-21T14:01:11] WARN: Failed to fetch Earth: Bad response code 503
[2026-02-21T14:01:11] WARN: Failed to fetch Jupiter: Bad response code 503
[2026-02-21T14:01:11] WARN: Failed to fetch Saturn: Bad response code 503
[2026-02-21T14:01:11] WARN: Failed to fetch Uranus: Bad response code 503
[2026-02-21T14:01:11] WARN: Failed to fetch Neptune: Bad response code 503
[2026-02-21T14:01:11] No JPL data received — skipping verification (network may be unavailable)
[2026-02-21T14:45:22] Starting verification for game date 2026-02-25
[2026-02-21T14:45:23] WARN: Failed to fetch Jupiter: Bad response code 503
[2026-02-21T14:45:23] WARN: Failed to fetch Venus: Bad response code 503
[2026-02-21T14:45:23] WARN: Failed to fetch Mars: Bad response code 503
[2026-02-21T14:45:23] WARN: Failed to fetch Uranus: Bad response code 503
[2026-02-21T14:45:23] WARN: Failed to fetch Neptune: Bad response code 503
[2026-02-21T14:45:23] No JPL data received — skipping verification (network may be unavailable)
[2026-02-21T14:51:00] Starting verification for game date 2026-02-18
[2026-02-21T14:51:01] WARN: Failed to fetch Mars: Bad response code 503
[2026-02-21T14:51:01] WARN: Failed to fetch Jupiter: Bad response code 503
[2026-02-21T14:51:01] WARN: Failed to fetch Saturn: Bad response code 503
[2026-02-21T14:51:01] WARN: Failed to fetch Uranus: Bad response code 503
[2026-02-21T14:51:01] WARN: Failed to fetch Neptune: Bad response code 503
[2026-02-21T14:51:01] No JPL data received — skipping verification (network may be unavailable)
[2026-02-21T14:54:32] Starting verification for game date 2026-02-23
[2026-02-21T14:54:33] WARN: Failed to fetch Neptune: Bad response code 503
[2026-02-21T14:54:33] WARN: Failed to fetch Earth: Bad response code 503
[2026-02-21T14:54:33] WARN: Failed to fetch Mars: Bad response code 503
[2026-02-21T14:54:33] WARN: Failed to fetch Saturn: Bad response code 503
[2026-02-21T14:54:33] WARN: Failed to fetch Uranus: Bad response code 503
[2026-02-21T14:54:33] No JPL data received — skipping verification (network may be unavailable)
[2026-02-21T14:57:48] Starting verification for game date 2026-02-18
[2026-02-21T14:57:49] WARN: Failed to fetch Mars: Bad response code 503
[2026-02-21T14:57:49] WARN: Failed to fetch Jupiter: Bad response code 503
[2026-02-21T14:57:49] WARN: Failed to fetch Saturn: Bad response code 503
[2026-02-21T14:57:49] WARN: Failed to fetch Uranus: Bad response code 503
[2026-02-21T14:57:49] WARN: Failed to fetch Neptune: Bad response code 503
[2026-02-21T14:57:49] No JPL data received — skipping verification (network may be unavailable)
[2026-02-21T15:10:11] Starting verification for game date 2026-02-26
[2026-02-21T15:10:12] WARN: Failed to fetch Mars: Bad response code 503
[2026-02-21T15:10:12] WARN: Failed to fetch Jupiter: Bad response code 503
[2026-02-21T15:10:12] WARN: Failed to fetch Saturn: Bad response code 503
[2026-02-21T15:10:12] WARN: Failed to fetch Uranus: Bad response code 503
[2026-02-21T15:10:12] WARN: Failed to fetch Neptune: Bad response code 503
[2026-02-21T15:10:12] No JPL data received — skipping verification (network may be unavailable)
[2026-02-21T15:20:35] Starting verification for game date 2026-02-18
[2026-02-21T15:20:36] WARN: Failed to fetch Earth: Bad response code 503
[2026-02-21T15:20:36] WARN: Failed to fetch Mars: Bad response code 503
[2026-02-21T15:20:36] WARN: Failed to fetch Saturn: Bad response code 503
[2026-02-21T15:20:36] WARN: Failed to fetch Uranus: Bad response code 503
[2026-02-21T15:20:36] WARN: Failed to fetch Neptune: Bad response code 503
[2026-02-21T15:20:37] No JPL data received — skipping verification (network may be unavailable)
[2026-02-21T15:24:49] Starting verification for game date 2026-02-23
[2026-02-21T15:24:50] WARN: Failed to fetch Mars: Bad response code 503
[2026-02-21T15:24:50] WARN: Failed to fetch Saturn: Bad response code 503
[2026-02-21T15:24:50] WARN: Failed to fetch Uranus: Bad response code 503
[2026-02-21T15:24:50] WARN: Failed to fetch Neptune: Bad response code 503
[2026-02-21T15:24:50] WARN: Failed to fetch Jupiter: Bad response code 503
[2026-02-21T15:24:50] No JPL data received — skipping verification (network may be unavailable)
[2026-02-21T15:47:22] Starting verification for game date 2026-02-21
[2026-02-21T15:47:23] WARN: Failed to fetch Earth: Bad response code 503
[2026-02-21T15:47:23] WARN: Failed to fetch Jupiter: Bad response code 503
[2026-02-21T15:47:23] WARN: Failed to fetch Saturn: Bad response code 503
[2026-02-21T15:47:23] WARN: Failed to fetch Uranus: Bad response code 503
[2026-02-21T15:47:23] WARN: Failed to fetch Neptune: Bad response code 503
[2026-02-21T15:47:23] No JPL data received — skipping verification (network may be unavailable)
[2026-02-21T15:58:49] Starting verification for game date 2026-02-26
[2026-02-21T15:58:50] WARN: Failed to fetch Venus: Bad response code 503
[2026-02-21T15:58:50] WARN: Failed to fetch Mars: Bad response code 503
[2026-02-21T15:58:50] WARN: Failed to fetch Saturn: Bad response code 503
[2026-02-21T15:58:50] WARN: Failed to fetch Neptune: Bad response code 503
[2026-02-21T15:58:50] WARN: Failed to fetch Uranus: Bad response code 503
[2026-02-21T15:58:50] No JPL data received — skipping verification (network may be unavailable)
[2026-02-21T17:10:33] Starting verification for game date 2026-02-25
[2026-02-21T17:10:34] WARN: Failed to fetch Jupiter: Bad response code 503
[2026-02-21T17:10:34] WARN: Failed to fetch Saturn: Bad response code 503
[2026-02-21T17:10:34] WARN: Failed to fetch Uranus: Bad response code 503
[2026-02-21T17:10:34] WARN: Failed to fetch Neptune: Bad response code 503
[2026-02-21T17:10:34] WARN: Failed to fetch Earth: Bad response code 503
[2026-02-21T17:10:34] No JPL data received — skipping verification (network may be unavailable)
[2026-02-21T17:12:02] Starting verification for game date 2026-02-27
[2026-02-21T17:12:04] WARN: Failed to fetch Jupiter: Bad response code 503
[2026-02-21T17:12:04] WARN: Failed to fetch Saturn: Bad response code 503
[2026-02-21T17:12:04] WARN: Failed to fetch Uranus: Bad response code 503
[2026-02-21T17:12:04] WARN: Failed to fetch Venus: Bad response code 503
[2026-02-21T17:12:04] WARN: Failed to fetch Neptune: Bad response code 503
[2026-02-21T17:12:04] No JPL data received — skipping verification (network may be unavailable)
[2026-02-21T17:24:37] Starting verification for game date 2026-02-26
[2026-02-21T17:24:38] WARN: Failed to fetch Earth: Bad response code 503
[2026-02-21T17:24:38] WARN: Failed to fetch Jupiter: Bad response code 503
[2026-02-21T17:24:38] WARN: Failed to fetch Saturn: Bad response code 503
[2026-02-21T17:24:38] WARN: Failed to fetch Uranus: Bad response code 503
[2026-02-21T17:24:38] WARN: Failed to fetch Neptune: Bad response code 503
[2026-02-21T17:24:38] No JPL data received — skipping verification (network may be unavailable)
[2026-02-21T17:26:49] Starting verification for game date 2026-02-27
[2026-02-21T17:26:50] WARN: Failed to fetch Earth: Bad response code 503
[2026-02-21T17:26:50] WARN: Failed to fetch Jupiter: Bad response code 503
[2026-02-21T17:26:50] WARN: Failed to fetch Saturn: Bad response code 503
[2026-02-21T17:26:50] WARN: Failed to fetch Uranus: Bad response code 503
[2026-02-21T17:26:50] WARN: Failed to fetch Neptune: Bad response code 503
[2026-02-21T17:26:50] No JPL data received — skipping verification (network may be unavailable)
[2026-02-21T17:42:31] Starting verification for game date 2026-02-18
[2026-02-21T17:42:32] WARN: Failed to fetch Mars: Bad response code 503
[2026-02-21T17:42:32] WARN: Failed to fetch Jupiter: Bad response code 503
[2026-02-21T17:42:32] WARN: Failed to fetch Saturn: Bad response code 503
[2026-02-21T17:42:32] WARN: Failed to fetch Uranus: Bad response code 503
[2026-02-21T17:42:32] WARN: Failed to fetch Neptune: Bad response code 503
[2026-02-21T17:42:32] No JPL data received — skipping verification (network may be unavailable)
[2026-02-21T17:50:50] Starting verification for game date 2026-02-24
[2026-02-21T17:50:51] WARN: Failed to fetch Earth: Bad response code 503
[2026-02-21T17:50:51] WARN: Failed to fetch Jupiter: Bad response code 503
[2026-02-21T17:50:51] WARN: Failed to fetch Saturn: Bad response code 503
[2026-02-21T17:50:51] WARN: Failed to fetch Uranus: Bad response code 503
[2026-02-21T17:50:51] WARN: Failed to fetch Neptune: Bad response code 503
[2026-02-21T17:50:51] No JPL data received — skipping verification (network may be unavailable)
[2026-02-21T18:15:13] Starting verification for game date 2026-02-26
[2026-02-21T18:15:15] WARN: Failed to fetch Mars: Bad response code 503
[2026-02-21T18:15:15] WARN: Failed to fetch Jupiter: Bad response code 503
[2026-02-21T18:15:15] WARN: Failed to fetch Saturn: Bad response code 503
[2026-02-21T18:15:15] WARN: Failed to fetch Uranus: Bad response code 503
[2026-02-21T18:15:15] WARN: Failed to fetch Neptune: Bad response code 503
[2026-02-21T18:15:15] No JPL data received — skipping verification (network may be unavailable)
[2026-02-21T18:31:26] Starting verification for game date 2026-02-22
[2026-02-21T18:31:27] WARN: Failed to fetch Jupiter: Bad response code 503
[2026-02-21T18:31:27] WARN: Failed to fetch Saturn: Bad response code 503
[2026-02-21T18:31:27] WARN: Failed to fetch Uranus: Bad response code 503
[2026-02-21T18:31:27] WARN: Failed to fetch Neptune: Bad response code 503
[2026-02-21T18:31:27] WARN: Failed to fetch Mars: Bad response code 503
[2026-02-21T18:31:27] No JPL data received — skipping verification (network may be unavailable)
[2026-02-21T18:35:22] Starting verification for game date 2026-02-26
[2026-02-21T18:35:23] WARN: Failed to fetch Jupiter: Bad response code 503
[2026-02-21T18:35:23] WARN: Failed to fetch Uranus: Bad response code 503
[2026-02-21T18:35:23] WARN: Failed to fetch Saturn: Bad response code 503
[2026-02-21T18:35:23] WARN: Failed to fetch Neptune: Bad response code 503
[2026-02-21T18:35:23] WARN: Failed to fetch Mars: Bad response code 503
[2026-02-21T18:35:23] No JPL data received — skipping verification (network may be unavailable)
[2026-02-21T18:37:50] Starting verification for game date 2026-02-26
[2026-02-21T18:37:51] WARN: Failed to fetch Earth: Bad response code 503
[2026-02-21T18:37:51] WARN: Failed to fetch Mars: Bad response code 503
[2026-02-21T18:37:51] WARN: Failed to fetch Jupiter: Bad response code 503
[2026-02-21T18:37:51] WARN: Failed to fetch Saturn: Bad response code 503
[2026-02-21T18:37:51] WARN: Failed to fetch Uranus: Bad response code 503
[2026-02-21T18:37:51] No JPL data received — skipping verification (network may be unavailable)
[2026-02-21T18:38:04] Starting verification for game date 2026-02-28
[2026-02-21T18:38:05] WARN: Failed to fetch Mars: Bad response code 503
[2026-02-21T18:38:05] WARN: Failed to fetch Jupiter: Bad response code 503
[2026-02-21T18:38:05] WARN: Failed to fetch Saturn: Bad response code 503
[2026-02-21T18:38:05] WARN: Failed to fetch Uranus: Bad response code 503
[2026-02-21T18:38:05] WARN: Failed to fetch Neptune: Bad response code 503
[2026-02-21T18:38:05] No JPL data received — skipping verification (network may be unavailable)
[2026-02-21T22:14:50] Starting verification for game date 2026-02-24
[2026-02-21T22:14:51] WARN: Failed to fetch Jupiter: Bad response code 503
[2026-02-21T22:14:51] WARN: Failed to fetch Saturn: Bad response code 503
[2026-02-21T22:14:51] WARN: Failed to fetch Uranus: Bad response code 503
[2026-02-21T22:14:51] WARN: Failed to fetch Neptune: Bad response code 503
[2026-02-21T22:14:51] WARN: Failed to fetch Earth: Bad response code 503
[2026-02-21T22:14:51] No JPL data received — skipping verification (network may be unavailable)
[2026-02-21T22:25:33] Starting verification for game date 2026-02-18
[2026-02-21T22:25:34] WARN: Failed to fetch Earth: Bad response code 503
[2026-02-21T22:25:34] WARN: Failed to fetch Jupiter: Bad response code 503
[2026-02-21T22:25:34] WARN: Failed to fetch Uranus: Bad response code 503
[2026-02-21T22:25:34] WARN: Failed to fetch Neptune: Bad response code 503
[2026-02-21T22:25:34] WARN: Failed to fetch Saturn: Bad response code 503
[2026-02-21T22:25:34] No JPL data received — skipping verification (network may be unavailable)
[2026-02-21T22:28:17] Starting verification for game date 2026-02-21
[2026-02-21T22:28:18] WARN: Failed to fetch Mars: Bad response code 503
[2026-02-21T22:28:18] WARN: Failed to fetch Jupiter: Bad response code 503
[2026-02-21T22:28:18] WARN: Failed to fetch Saturn: Bad response code 503
[2026-02-21T22:28:18] WARN: Failed to fetch Uranus: Bad response code 503
[2026-02-21T22:28:18] WARN: Failed to fetch Neptune: Bad response code 503
[2026-02-21T22:28:18] No JPL data received — skipping verification (network may be unavailable)
[2026-02-21T22:34:21] Starting verification for game date 2026-02-20
[2026-02-21T22:34:22] WARN: Failed to fetch Venus: Bad response code 503
[2026-02-21T22:34:22] WARN: Failed to fetch Mars: Bad response code 503
[2026-02-21T22:34:22] WARN: Failed to fetch Jupiter: Bad response code 503
[2026-02-21T22:34:22] WARN: Failed to fetch Uranus: Bad response code 503
[2026-02-21T22:34:22] WARN: Failed to fetch Neptune: Bad response code 503
[2026-02-21T22:34:23] No JPL data received — skipping verification (network may be unavailable)
[2026-02-21T22:35:52] Starting verification for game date 2026-02-28
[2026-02-21T22:35:53] WARN: Failed to fetch Venus: Bad response code 503
[2026-02-21T22:35:53] WARN: Failed to fetch Uranus: Bad response code 503
[2026-02-21T22:35:53] WARN: Failed to fetch Jupiter: Bad response code 503
[2026-02-21T22:35:53] WARN: Failed to fetch Saturn: Bad response code 503
[2026-02-21T22:35:53] WARN: Failed to fetch Neptune: Bad response code 503
[2026-02-21T22:35:53] No JPL data received — skipping verification (network may be unavailable)
[2026-02-21T22:41:52] Starting verification for game date 2026-02-18
[2026-02-21T22:41:53] WARN: Failed to fetch Earth: Bad response code 503
[2026-02-21T22:41:53] WARN: Failed to fetch Jupiter: Bad response code 503
[2026-02-21T22:41:53] WARN: Failed to fetch Saturn: Bad response code 503
[2026-02-21T22:41:53] WARN: Failed to fetch Uranus: Bad response code 503
[2026-02-21T22:41:53] WARN: Failed to fetch Neptune: Bad response code 503
[2026-02-21T22:41:53] No JPL data received — skipping verification (network may be unavailable)
[2026-02-21T22:51:33] Starting verification for game date 2026-02-21
[2026-02-21T22:51:34] WARN: Failed to fetch Earth: Bad response code 503
[2026-02-21T22:51:34] WARN: Failed to fetch Saturn: Bad response code 503
[2026-02-21T22:51:34] WARN: Failed to fetch Venus: Bad response code 503
[2026-02-21T22:51:34] WARN: Failed to fetch Mars: Bad response code 503
[2026-02-21T22:51:34] WARN: Failed to fetch Neptune: Bad response code 503
[2026-02-21T22:51:34] No JPL data received — skipping verification (network may be unavailable)
[2026-02-21T22:54:44] Starting verification for game date 2026-02-21
[2026-02-21T22:54:45] WARN: Failed to fetch Earth: Bad response code 503
[2026-02-21T22:54:45] WARN: Failed to fetch Jupiter: Bad response code 503
[2026-02-21T22:54:45] WARN: Failed to fetch Saturn: Bad response code 503
[2026-02-21T22:54:45] WARN: Failed to fetch Uranus: Bad response code 503
[2026-02-21T22:54:45] WARN: Failed to fetch Neptune: Bad response code 503
[2026-02-21T22:54:45] No JPL data received — skipping verification (network may be unavailable)
[2026-02-21T22:57:01] Starting verification for game date 2026-02-21
[2026-02-21T22:57:02] WARN: Failed to fetch Venus: Bad response code 503
[2026-02-21T22:57:02] WARN: Failed to fetch Mars: Bad response code 503
[2026-02-21T22:57:02] WARN: Failed to fetch Saturn: Bad response code 503
[2026-02-21T22:57:02] WARN: Failed to fetch Uranus: Bad response code 503
[2026-02-21T22:57:02] WARN: Failed to fetch Neptune: Bad response code 503
[2026-02-21T22:57:02] No JPL data received — skipping verification (network may be unavailable)
[2026-02-21T23:01:28] Starting verification for game date 2026-02-21
[2026-02-21T23:01:29] WARN: Failed to fetch Mars: Bad response code 503
[2026-02-21T23:01:29] WARN: Failed to fetch Jupiter: Bad response code 503
[2026-02-21T23:01:29] WARN: Failed to fetch Saturn: Bad response code 503
[2026-02-21T23:01:29] WARN: Failed to fetch Uranus: Bad response code 503
[2026-02-21T23:01:29] WARN: Failed to fetch Neptune: Bad response code 503
[2026-02-21T23:01:29] No JPL data received — skipping verification (network may be unavailable)
[2026-02-21T23:09:25] Starting verification for game date 2026-02-21
[2026-02-21T23:09:26] WARN: Failed to fetch Venus: Bad response code 503
[2026-02-21T23:09:26] WARN: Failed to fetch Jupiter: Bad response code 503
[2026-02-21T23:09:26] WARN: Failed to fetch Uranus: Bad response code 503
[2026-02-21T23:09:26] WARN: Failed to fetch Neptune: Bad response code 503
[2026-02-21T23:09:26] No JPL data received — skipping verification (network may be unavailable)
[2026-02-21T23:21:01] Starting verification for game date 2026-02-21
[2026-02-21T23:21:02] WARN: Failed to fetch Venus: Bad response code 503
[2026-02-21T23:21:02] WARN: Failed to fetch Jupiter: Bad response code 503
[2026-02-21T23:21:02] WARN: Failed to fetch Saturn: Bad response code 503
[2026-02-21T23:21:02] WARN: Failed to fetch Neptune: Bad response code 503
[2026-02-21T23:21:02] WARN: Failed to fetch Uranus: Bad response code 503
[2026-02-21T23:21:02] No JPL data received — skipping verification (network may be unavailable)
[2026-02-21T23:27:23] Starting verification for game date 2026-02-22
[2026-02-21T23:27:24] WARN: Failed to fetch Venus: Bad response code 503
[2026-02-21T23:27:24] WARN: Failed to fetch Earth: Bad response code 503
[2026-02-21T23:27:24] WARN: Failed to fetch Mars: Bad response code 503
[2026-02-21T23:27:24] WARN: Failed to fetch Neptune: Bad response code 503
[2026-02-21T23:27:24] No JPL data received — skipping verification (network may be unavailable)
[2026-02-21T23:28:44] Starting verification for game date 2026-02-21
[2026-02-21T23:28:45] WARN: Failed to fetch Mars: Bad response code 503
[2026-02-21T23:28:45] WARN: Failed to fetch Jupiter: Bad response code 503
[2026-02-21T23:28:45] WARN: Failed to fetch Saturn: Bad response code 503
[2026-02-21T23:28:45] WARN: Failed to fetch Uranus: Bad response code 503
[2026-02-21T23:28:45] WARN: Failed to fetch Neptune: Bad response code 503
[2026-02-21T23:28:45] No JPL data received — skipping verification (network may be unavailable)
[2026-02-21T23:34:51] Starting verification for game date 2026-02-22
[2026-02-21T23:34:52] WARN: Failed to fetch Earth: Bad response code 503
[2026-02-21T23:34:52] WARN: Failed to fetch Uranus: Bad response code 503
[2026-02-21T23:34:52] WARN: Failed to fetch Venus: Bad response code 503
[2026-02-21T23:34:52] WARN: Failed to fetch Saturn: Bad response code 503
[2026-02-21T23:34:52] WARN: Failed to fetch Neptune: Bad response code 503
[2026-02-21T23:34:52] No JPL data received — skipping verification (network may be unavailable)
[2026-02-21T23:47:22] Starting verification for game date 2026-02-20
[2026-02-21T23:47:23] WARN: Failed to fetch Jupiter: Bad response code 503
[2026-02-21T23:47:23] WARN: Failed to fetch Uranus: Bad response code 503
[2026-02-21T23:47:23] WARN: Failed to fetch Neptune: Bad response code 503
[2026-02-21T23:47:23] WARN: Failed to fetch Mars: Bad response code 503
[2026-02-21T23:47:23] No JPL data received — skipping verification (network may be unavailable)
[2026-02-21T23:53:48] Starting verification for game date 2026-02-21
[2026-02-21T23:53:49] WARN: Failed to fetch Earth: Bad response code 503
[2026-02-21T23:53:49] WARN: Failed to fetch Mars: Bad response code 503
[2026-02-21T23:53:49] WARN: Failed to fetch Jupiter: Bad response code 503
[2026-02-21T23:53:49] WARN: Failed to fetch Saturn: Bad response code 503
[2026-02-21T23:53:49] WARN: Failed to fetch Uranus: Bad response code 503
[2026-02-21T23:53:49] No JPL data received — skipping verification (network may be unavailable)
[2026-02-21T23:56:07] Starting verification for game date 2026-02-22
[2026-02-21T23:56:07] WARN: Failed to fetch Mars: Bad response code 503
[2026-02-21T23:56:07] WARN: Failed to fetch Uranus: Bad response code 503
[2026-02-21T23:56:07] WARN: Failed to fetch Venus: Bad response code 503
[2026-02-21T23:56:07] WARN: Failed to fetch Saturn: Bad response code 503
[2026-02-21T23:56:07] WARN: Failed to fetch Earth: Bad response code 503
[2026-02-21T23:56:08] No JPL data received — skipping verification (network may be unavailable)
[2026-02-21T23:57:42] Starting verification for game date 2026-02-25
[2026-02-21T23:57:43] WARN: Failed to fetch Mars: Bad response code 503
[2026-02-21T23:57:43] WARN: Failed to fetch Jupiter: Bad response code 503
[2026-02-21T23:57:43] WARN: Failed to fetch Saturn: Bad response code 503
[2026-02-21T23:57:43] WARN: Failed to fetch Uranus: Bad response code 503
[2026-02-21T23:57:43] WARN: Failed to fetch Neptune: Bad response code 503
[2026-02-21T23:57:43] No JPL data received — skipping verification (network may be unavailable)
[2026-02-21T23:59:03] Starting verification for game date 2026-02-18
[2026-02-21T23:59:04] WARN: Failed to fetch Venus: Bad response code 503
[2026-02-21T23:59:04] WARN: Failed to fetch Mars: Bad response code 503
[2026-02-21T23:59:04] WARN: Failed to fetch Jupiter: Bad response code 503
[2026-02-21T23:59:04] WARN: Failed to fetch Uranus: Bad response code 503
[2026-02-21T23:59:04] WARN: Failed to fetch Neptune: Bad response code 503
[2026-02-21T23:59:04] No JPL data received — skipping verification (network may be unavailable)
[2026-02-22T00:03:49] Starting verification for game date 2026-02-19
[2026-02-22T00:03:50] WARN: Failed to fetch Mars: Bad response code 503
[2026-02-22T00:03:50] WARN: Failed to fetch Jupiter: Bad response code 503
[2026-02-22T00:03:50] WARN: Failed to fetch Saturn: Bad response code 503
[2026-02-22T00:03:50] WARN: Failed to fetch Uranus: Bad response code 503
[2026-02-22T00:03:50] WARN: Failed to fetch Neptune: Bad response code 503
[2026-02-22T00:03:50] No JPL data received — skipping verification (network may be unavailable)
[2026-02-22T00:16:43] Starting verification for game date 2026-02-20
[2026-02-22T00:16:44] WARN: Failed to fetch Mars: Bad response code 503
[2026-02-22T00:16:44] WARN: Failed to fetch Jupiter: Bad response code 503
[2026-02-22T00:16:44] WARN: Failed to fetch Saturn: Bad response code 503
[2026-02-22T00:16:44] WARN: Failed to fetch Uranus: Bad response code 503
[2026-02-22T00:16:45] WARN: Failed to fetch Neptune: Bad response code 503
[2026-02-22T00:16:45] No JPL data received — skipping verification (network may be unavailable)
[2026-02-22T00:22:15] Starting verification for game date 2026-02-21
[2026-02-22T00:22:17] WARN: Failed to fetch Venus: Bad response code 503
[2026-02-22T00:22:17] WARN: Failed to fetch Mars: Bad response code 503
[2026-02-22T00:22:17] WARN: Failed to fetch Saturn: Bad response code 503
[2026-02-22T00:22:17] WARN: Failed to fetch Uranus: Bad response code 503
[2026-02-22T00:22:17] WARN: Failed to fetch Neptune: Bad response code 503
[2026-02-22T00:22:17] No JPL data received — skipping verification (network may be unavailable)
[2026-02-22T00:31:00] Starting verification for game date 2026-02-21
[2026-02-22T00:31:01] WARN: Failed to fetch Jupiter: Bad response code 503
[2026-02-22T00:31:01] WARN: Failed to fetch Mars: Bad response code 503
[2026-02-22T00:31:01] WARN: Failed to fetch Saturn: Bad response code 503
[2026-02-22T00:31:01] WARN: Failed to fetch Uranus: Bad response code 503
[2026-02-22T00:31:01] WARN: Failed to fetch Neptune: Bad response code 503
[2026-02-22T00:31:01] No JPL data received — skipping verification (network may be unavailable)
[2026-02-22T00:37:12] Starting verification for game date 2026-02-21
[2026-02-22T00:37:13] WARN: Failed to fetch Mars: Bad response code 503
[2026-02-22T00:37:13] WARN: Failed to fetch Jupiter: Bad response code 503
[2026-02-22T00:37:13] WARN: Failed to fetch Saturn: Bad response code 503
[2026-02-22T00:37:13] WARN: Failed to fetch Uranus: Bad response code 503
[2026-02-22T00:37:13] WARN: Failed to fetch Neptune: Bad response code 503
[2026-02-22T00:37:13] No JPL data received — skipping verification (network may be unavailable)
[2026-02-22T02:35:08] Starting verification for game date 2026-02-18
[2026-02-22T02:35:09] WARN: Failed to fetch Venus: Bad response code 503
[2026-02-22T02:35:09] WARN: Failed to fetch Earth: Bad response code 503
[2026-02-22T02:35:09] WARN: Failed to fetch Mars: Bad response code 503
[2026-02-22T02:35:09] WARN: Failed to fetch Jupiter: Bad response code 503
[2026-02-22T02:35:09] WARN: Failed to fetch Uranus: Bad response code 503
[2026-02-22T02:35:10] No JPL data received — skipping verification (network may be unavailable)
[2026-02-22T02:40:31] Starting verification for game date 2026-02-18
[2026-02-22T02:40:32] WARN: Failed to fetch Mars: Bad response code 503
[2026-02-22T02:40:32] WARN: Failed to fetch Jupiter: Bad response code 503
[2026-02-22T02:40:32] WARN: Failed to fetch Saturn: Bad response code 503
[2026-02-22T02:40:32] WARN: Failed to fetch Neptune: Bad response code 503
[2026-02-22T02:40:32] WARN: Failed to fetch Earth: Bad response code 503
[2026-02-22T02:40:32] No JPL data received — skipping verification (network may be unavailable)
[2026-02-22T02:44:25] Starting verification for game date 2026-02-18
[2026-02-22T02:44:26] WARN: Failed to fetch Venus: Bad response code 503
[2026-02-22T02:44:26] WARN: Failed to fetch Mars: Bad response code 503
[2026-02-22T02:44:26] WARN: Failed to fetch Saturn: Bad response code 503
[2026-02-22T02:44:26] WARN: Failed to fetch Uranus: Bad response code 503
[2026-02-22T02:44:26] WARN: Failed to fetch Neptune: Bad response code 503
[2026-02-22T02:44:26] No JPL data received — skipping verification (network may be unavailable)
[2026-02-22T02:44:46] Starting verification for game date 2026-02-18
[2026-02-22T02:44:47] WARN: Failed to fetch Venus: Bad response code 503
[2026-02-22T02:44:47] WARN: Failed to fetch Saturn: Bad response code 503
[2026-02-22T02:44:47] WARN: Failed to fetch Uranus: Bad response code 503
[2026-02-22T02:44:47] WARN: Failed to fetch Neptune: Bad response code 503
[2026-02-22T02:44:48] WARN: Failed to fetch Earth: Bad response code 503
[2026-02-22T02:44:48] No JPL data received — skipping verification (network may be unavailable)
[2026-02-22T02:50:58] Starting verification for game date 2026-02-18
[2026-02-22T02:50:59] WARN: Failed to fetch Mars: Bad response code 503
[2026-02-22T02:50:59] WARN: Failed to fetch Jupiter: Bad response code 503
[2026-02-22T02:50:59] WARN: Failed to fetch Saturn: Bad response code 503
[2026-02-22T02:50:59] WARN: Failed to fetch Uranus: Bad response code 503
[2026-02-22T02:50:59] WARN: Failed to fetch Neptune: Bad response code 503
[2026-02-22T02:50:59] No JPL data received — skipping verification (network may be unavailable)
[2026-02-22T02:53:25] Starting verification for game date 2026-02-18
[2026-02-22T02:53:26] WARN: Failed to fetch Jupiter: Bad response code 503
[2026-02-22T02:53:26] WARN: Failed to fetch Saturn: Bad response code 503
[2026-02-22T02:53:26] WARN: Failed to fetch Earth: Bad response code 503
[2026-02-22T02:53:26] WARN: Failed to fetch Mars: Bad response code 503
[2026-02-22T02:53:26] WARN: Failed to fetch Uranus: Bad response code 503
[2026-02-22T02:53:26] No JPL data received — skipping verification (network may be unavailable)
[2026-02-22T03:00:43] Starting verification for game date 2026-02-18
[2026-02-22T03:00:44] WARN: Failed to fetch Venus: Bad response code 503
[2026-02-22T03:00:44] WARN: Failed to fetch Earth: Bad response code 503
[2026-02-22T03:00:44] WARN: Failed to fetch Jupiter: Bad response code 503
[2026-02-22T03:00:44] WARN: Failed to fetch Saturn: Bad response code 503
[2026-02-22T03:00:44] WARN: Failed to fetch Uranus: Bad response code 503
[2026-02-22T03:00:44] No JPL data received — skipping verification (network may be unavailable)
[2026-02-22T03:15:05] Starting verification for game date 2026-02-18
[2026-02-22T03:15:06] WARN: Failed to fetch Earth: Bad response code 503
[2026-02-22T03:15:06] WARN: Failed to fetch Mars: Bad response code 503
[2026-02-22T03:15:06] WARN: Failed to fetch Jupiter: Bad response code 503
[2026-02-22T03:15:06] WARN: Failed to fetch Uranus: Bad response code 503
[2026-02-22T03:15:06] WARN: Failed to fetch Neptune: Bad response code 503
[2026-02-22T03:15:06] No JPL data received — skipping verification (network may be unavailable)
[2026-02-22T03:24:49] Starting verification for game date 2026-02-18
[2026-02-22T03:24:51] WARN: Failed to fetch Mars: Bad response code 503
[2026-02-22T03:24:51] WARN: Failed to fetch Jupiter: Bad response code 503
[2026-02-22T03:24:51] WARN: Failed to fetch Saturn: Bad response code 503
[2026-02-22T03:24:51] WARN: Failed to fetch Neptune: Bad response code 503
[2026-02-22T03:24:51] WARN: Failed to fetch Uranus: Bad response code 503
[2026-02-22T03:24:51] No JPL data received — skipping verification (network may be unavailable)
[2026-02-22T03:35:52] Starting verification for game date 2026-02-18
[2026-02-22T03:35:53] WARN: Failed to fetch Mars: Bad response code 503
[2026-02-22T03:35:53] WARN: Failed to fetch Jupiter: Bad response code 503
[2026-02-22T03:35:53] WARN: Failed to fetch Saturn: Bad response code 503
[2026-02-22T03:35:53] WARN: Failed to fetch Neptune: Bad response code 503
[2026-02-22T03:35:53] WARN: Failed to fetch Uranus: Bad response code 503
[2026-02-22T03:35:53] No JPL data received — skipping verification (network may be unavailable)
[2026-02-22T03:52:06] Starting verification for game date 2026-02-18
[2026-02-22T03:52:07] WARN: Failed to fetch Mars: Bad response code 503
[2026-02-22T03:52:07] WARN: Failed to fetch Jupiter: Bad response code 503
[2026-02-22T03:52:07] WARN: Failed to fetch Saturn: Bad response code 503
[2026-02-22T03:52:07] WARN: Failed to fetch Uranus: Bad response code 503
[2026-02-22T03:52:07] WARN: Failed to fetch Neptune: Bad response code 503
[2026-02-22T03:52:07] No JPL data received — skipping verification (network may be unavailable)
[2026-02-22T16:47:30] Starting verification for game date 2026-02-18
[2026-02-22T16:47:31] WARN: Failed to fetch Venus: Bad response code 503
[2026-02-22T16:47:31] WARN: Failed to fetch Jupiter: Bad response code 503
[2026-02-22T16:47:31] WARN: Failed to fetch Neptune: Bad response code 503
[2026-02-22T16:47:31] WARN: Failed to fetch Saturn: Bad response code 503
[2026-02-22T16:47:31] WARN: Failed to fetch Uranus: Bad response code 503
[2026-02-22T16:47:31] No JPL data received — skipping verification (network may be unavailable)
[2026-02-22T16:59:41] Starting verification for game date 2026-02-20
[2026-02-22T16:59:42] WARN: Failed to fetch Earth: Bad response code 503
[2026-02-22T16:59:42] WARN: Failed to fetch Jupiter: Bad response code 503
[2026-02-22T16:59:42] WARN: Failed to fetch Saturn: Bad response code 503
[2026-02-22T16:59:42] WARN: Failed to fetch Uranus: Bad response code 503
[2026-02-22T16:59:42] WARN: Failed to fetch Neptune: Bad response code 503
[2026-02-22T16:59:42] No JPL data received — skipping verification (network may be unavailable)
[2026-02-22T17:11:58] Starting verification for game date 2026-02-18
[2026-02-22T17:11:59] WARN: Failed to fetch Neptune: Bad response code 503
[2026-02-22T17:11:59] WARN: Failed to fetch Uranus: Bad response code 503
[2026-02-22T17:12:00] No JPL data received — skipping verification (network may be unavailable)
[2026-02-22T17:24:09] Starting verification for game date 2026-02-18
[2026-02-22T17:24:10] WARN: Failed to fetch Venus: Bad response code 503
[2026-02-22T17:24:10] WARN: Failed to fetch Mars: Bad response code 503
[2026-02-22T17:24:10] WARN: Failed to fetch Saturn: Bad response code 503
[2026-02-22T17:24:10] WARN: Failed to fetch Uranus: Bad response code 503
[2026-02-22T17:24:10] WARN: Failed to fetch Neptune: Bad response code 503
[2026-02-22T17:24:10] No JPL data received — skipping verification (network may be unavailable)
[2026-02-22T17:30:57] Starting verification for game date 2026-02-18
[2026-02-22T17:30:58] WARN: Failed to fetch Venus: Bad response code 503
[2026-02-22T17:30:58] WARN: Failed to fetch Earth: Bad response code 503
[2026-02-22T17:30:58] WARN: Failed to fetch Mars: Bad response code 503
[2026-02-22T17:30:58] WARN: Failed to fetch Saturn: Bad response code 503
[2026-02-22T17:30:58] WARN: Failed to fetch Uranus: Bad response code 503
[2026-02-22T17:30:58] No JPL data received — skipping verification (network may be unavailable)
[2026-02-22T18:53:53] Starting verification for game date 2026-02-18
[2026-02-22T18:53:54] WARN: Failed to fetch Earth: Bad response code 503
[2026-02-22T18:53:54] WARN: Failed to fetch Mars: Bad response code 503
[2026-02-22T18:53:54] WARN: Failed to fetch Jupiter: Bad response code 503
[2026-02-22T18:53:54] WARN: Failed to fetch Saturn: Bad response code 503
[2026-02-22T18:53:54] WARN: Failed to fetch Uranus: Bad response code 503
[2026-02-22T18:53:54] No JPL data received — skipping verification (network may be unavailable)
[2026-02-22T18:55:26] Starting verification for game date 2026-02-18
[2026-02-22T18:55:27] WARN: Failed to fetch Jupiter: Bad response code 503
[2026-02-22T18:55:27] WARN: Failed to fetch Saturn: Bad response code 503
[2026-02-22T18:55:28] No JPL data received — skipping verification (network may be unavailable)
[2026-02-22T18:57:26] Starting verification for game date 2026-02-18
[2026-02-22T18:57:27] WARN: Failed to fetch Venus: Bad response code 503
[2026-02-22T18:57:27] WARN: Failed to fetch Earth: Bad response code 503
[2026-02-22T18:57:27] WARN: Failed to fetch Saturn: Bad response code 503
[2026-02-22T18:57:27] WARN: Failed to fetch Uranus: Bad response code 503
[2026-02-22T18:57:27] WARN: Failed to fetch Neptune: Bad response code 503
[2026-02-22T18:57:27] No JPL data received — skipping verification (network may be unavailable)
[2026-02-22T18:59:44] Starting verification for game date 2026-02-18
[2026-02-22T18:59:45] WARN: Failed to fetch Uranus: Bad response code 503
[2026-02-22T18:59:45] WARN: Failed to fetch Mars: Bad response code 503
[2026-02-22T18:59:45] WARN: Failed to fetch Jupiter: Bad response code 503
[2026-02-22T18:59:45] WARN: Failed to fetch Saturn: Bad response code 503
[2026-02-22T18:59:45] WARN: Failed to fetch Neptune: Bad response code 503
[2026-02-22T18:59:45] No JPL data received — skipping verification (network may be unavailable)
[2026-02-22T19:09:02] Starting verification for game date 2026-02-18
[2026-02-22T19:09:03] WARN: Failed to fetch Venus: Bad response code 503
[2026-02-22T19:09:03] WARN: Failed to fetch Mars: Bad response code 503
[2026-02-22T19:09:03] WARN: Failed to fetch Uranus: Bad response code 503
[2026-02-22T19:09:04] No JPL data received — skipping verification (network may be unavailable)
[2026-02-22T19:13:56] Starting verification for game date 2026-02-18
[2026-02-22T19:13:57] WARN: Failed to fetch Uranus: Bad response code 503
[2026-02-22T19:13:57] WARN: Failed to fetch Saturn: Bad response code 503
[2026-02-22T19:13:57] WARN: Failed to fetch Neptune: Bad response code 503
[2026-02-22T19:13:58] No JPL data received — skipping verification (network may be unavailable)
[2026-02-22T20:27:27] Starting verification for game date 2026-02-18
[2026-02-22T20:27:28] WARN: Failed to fetch Saturn: Bad response code 503
[2026-02-22T20:27:28] WARN: Failed to fetch Earth: Bad response code 503
[2026-02-22T20:27:28] WARN: Failed to fetch Jupiter: Bad response code 503
[2026-02-22T20:27:28] WARN: Failed to fetch Uranus: Bad response code 503
[2026-02-22T20:27:28] WARN: Failed to fetch Neptune: Bad response code 503
[2026-02-22T20:27:28] No JPL data received — skipping verification (network may be unavailable)
[2026-02-22T20:42:47] Starting verification for game date 2026-02-18
[2026-02-22T20:42:48] WARN: Failed to fetch Earth: Bad response code 503
[2026-02-22T20:42:48] WARN: Failed to fetch Mars: Bad response code 503
[2026-02-22T20:42:48] WARN: Failed to fetch Saturn: Bad response code 503
[2026-02-22T20:42:48] WARN: Failed to fetch Uranus: Bad response code 503
[2026-02-22T20:42:48] WARN: Failed to fetch Neptune: Bad response code 503
[2026-02-22T20:42:48] No JPL data received — skipping verification (network may be unavailable)
[2026-02-22T21:18:00] Starting verification for game date 2026-02-18
[2026-02-22T21:18:01] WARN: Failed to fetch Saturn: Bad response code 503
[2026-02-22T21:18:01] WARN: Failed to fetch Neptune: Bad response code 503
[2026-02-22T21:18:02] No JPL data received — skipping verification (network may be unavailable)
[2026-02-22T21:31:45] Starting verification for game date 2026-02-18
[2026-02-22T21:31:45] WARN: Failed to fetch Venus: Bad response code 503
[2026-02-22T21:31:45] WARN: Failed to fetch Saturn: Bad response code 503
[2026-02-22T21:31:45] WARN: Failed to fetch Uranus: Bad response code 503
[2026-02-22T21:31:45] WARN: Failed to fetch Neptune: Bad response code 503
[2026-02-22T21:31:46] No JPL data received — skipping verification (network may be unavailable)
[2026-02-22T21:33:33] Starting verification for game date 2026-02-18
[2026-02-22T21:33:34] WARN: Failed to fetch Venus: Bad response code 503
[2026-02-22T21:33:34] WARN: Failed to fetch Uranus: Bad response code 503
[2026-02-22T21:33:35] WARN: Failed to fetch Saturn: Bad response code 503
[2026-02-22T21:33:35] No JPL data received — skipping verification (network may be unavailable)
[2026-02-22T21:36:55] Starting verification for game date 2026-02-22
[2026-02-22T21:36:56] WARN: Failed to fetch Jupiter: Bad response code 503
[2026-02-22T21:36:56] WARN: Failed to fetch Uranus: Bad response code 503
[2026-02-22T21:36:56] WARN: Failed to fetch Venus: Bad response code 503
[2026-02-22T21:36:56] WARN: Failed to fetch Mars: Bad response code 503
[2026-02-22T21:36:56] WARN: Failed to fetch Saturn: Bad response code 503
[2026-02-22T21:36:56] No JPL data received — skipping verification (network may be unavailable)
[2026-02-22T21:37:41] Starting verification for game date 2026-02-18
[2026-02-22T21:37:42] WARN: Failed to fetch Jupiter: Bad response code 503
[2026-02-22T21:37:42] WARN: Failed to fetch Uranus: Bad response code 503
[2026-02-22T21:37:42] WARN: Failed to fetch Neptune: Bad response code 503
[2026-02-22T21:37:43] No JPL data received — skipping verification (network may be unavailable)
[2026-02-22T21:39:56] Starting verification for game date 2026-02-20
[2026-02-22T21:39:57] WARN: Failed to fetch Mars: Bad response code 503
[2026-02-22T21:39:58] No JPL data received — skipping verification (network may be unavailable)
[2026-02-22T21:41:49] Starting verification for game date 2026-02-20
[2026-02-22T21:41:50] WARN: Failed to fetch Jupiter: Bad response code 503
[2026-02-22T21:41:50] WARN: Failed to fetch Uranus: Bad response code 503
[2026-02-22T21:41:50] WARN: Failed to fetch Neptune: Bad response code 503
[2026-02-22T21:41:51] No JPL data received — skipping verification (network may be unavailable)
[2026-02-22T21:43:07] Starting verification for game date 2026-02-21
[2026-02-22T21:43:08] WARN: Failed to fetch Venus: Bad response code 503
[2026-02-22T21:43:08] WARN: Failed to fetch Mars: Bad response code 503
[2026-02-22T21:43:08] WARN: Failed to fetch Earth: Bad response code 503
[2026-02-22T21:43:08] WARN: Failed to fetch Uranus: Bad response code 503
[2026-02-22T21:43:08] WARN: Failed to fetch Neptune: Bad response code 503
[2026-02-22T21:43:08] No JPL data received — skipping verification (network may be unavailable)
[2026-02-23T01:35:08] Starting verification for game date 2026-02-18
[2026-02-23T01:35:09] WARN: Failed to fetch Neptune: Bad response code 503
[2026-02-23T01:35:09] WARN: Failed to fetch Earth: Bad response code 503
[2026-02-23T01:35:09] WARN: Failed to fetch Mars: Bad response code 503
[2026-02-23T01:35:09] WARN: Failed to fetch Jupiter: Bad response code 503
[2026-02-23T01:35:09] WARN: Failed to fetch Uranus: Bad response code 503
[2026-02-23T01:35:09] No JPL data received — skipping verification (network may be unavailable)
[2026-02-23T01:42:12] Starting verification for game date 2026-02-18
[2026-02-23T01:42:13] WARN: Failed to fetch Mars: Bad response code 503
[2026-02-23T01:42:13] WARN: Failed to fetch Jupiter: Bad response code 503
[2026-02-23T01:42:13] WARN: Failed to fetch Saturn: Bad response code 503
[2026-02-23T01:42:13] WARN: Failed to fetch Uranus: Bad response code 503
[2026-02-23T01:42:13] No JPL data received — skipping verification (network may be unavailable)
[2026-02-23T01:48:49] Starting verification for game date 2026-02-18
[2026-02-23T01:48:50] WARN: Failed to fetch Uranus: Bad response code 503
[2026-02-23T01:48:50] WARN: Failed to fetch Earth: Bad response code 503
[2026-02-23T01:48:50] WARN: Failed to fetch Mars: Bad response code 503
[2026-02-23T01:48:50] WARN: Failed to fetch Jupiter: Bad response code 503
[2026-02-23T01:48:50] WARN: Failed to fetch Neptune: Bad response code 503
[2026-02-23T01:48:50] No JPL data received — skipping verification (network may be unavailable)
[2026-02-23T01:54:32] Starting verification for game date 2026-02-18
[2026-02-23T01:54:33] WARN: Failed to fetch Mars: Bad response code 503
[2026-02-23T01:54:33] WARN: Failed to fetch Jupiter: Bad response code 503
[2026-02-23T01:54:33] WARN: Failed to fetch Saturn: Bad response code 503
[2026-02-23T01:54:33] WARN: Failed to fetch Neptune: Bad response code 503
[2026-02-23T01:54:33] WARN: Failed to fetch Uranus: Bad response code 503
[2026-02-23T01:54:33] No JPL data received — skipping verification (network may be unavailable)
[2026-02-23T02:06:56] Starting verification for game date 2026-02-18
[2026-02-23T02:06:57] WARN: Failed to fetch Venus: Bad response code 503
[2026-02-23T02:06:57] WARN: Failed to fetch Earth: Bad response code 503
[2026-02-23T02:06:57] WARN: Failed to fetch Mars: Bad response code 503
[2026-02-23T02:06:57] WARN: Failed to fetch Jupiter: Bad response code 503
[2026-02-23T02:06:57] WARN: Failed to fetch Uranus: Bad response code 503
[2026-02-23T02:06:57] No JPL data received — skipping verification (network may be unavailable)
[2026-02-23T02:11:07] Starting verification for game date 2026-02-19
[2026-02-23T02:11:08] WARN: Failed to fetch Venus: Bad response code 503
[2026-02-23T02:11:08] WARN: Failed to fetch Earth: Bad response code 503
[2026-02-23T02:11:08] WARN: Failed to fetch Saturn: Bad response code 503
[2026-02-23T02:11:08] WARN: Failed to fetch Uranus: Bad response code 503
[2026-02-23T02:11:08] WARN: Failed to fetch Neptune: Bad response code 503
[2026-02-23T02:11:08] No JPL data received — skipping verification (network may be unavailable)
[2026-02-23T02:14:39] Starting verification for game date 2026-02-18
[2026-02-23T02:14:40] WARN: Failed to fetch Jupiter: Bad response code 503
[2026-02-23T02:14:40] WARN: Failed to fetch Saturn: Bad response code 503
[2026-02-23T02:14:40] WARN: Failed to fetch Venus: Bad response code 503
[2026-02-23T02:14:40] WARN: Failed to fetch Uranus: Bad response code 503
[2026-02-23T02:14:40] WARN: Failed to fetch Neptune: Bad response code 503
[2026-02-23T02:14:40] No JPL data received — skipping verification (network may be unavailable)
[2026-02-23T02:35:06] Starting verification for game date 2026-02-18
[2026-02-23T02:35:07] WARN: Failed to fetch Mars: Bad response code 503
[2026-02-23T02:35:07] WARN: Failed to fetch Neptune: Bad response code 503
[2026-02-23T02:35:07] WARN: Failed to fetch Venus: Bad response code 503
[2026-02-23T02:35:07] WARN: Failed to fetch Earth: Bad response code 503
[2026-02-23T02:35:07] WARN: Failed to fetch Uranus: Bad response code 503
[2026-02-23T02:35:07] No JPL data received — skipping verification (network may be unavailable)
[2026-02-23T02:43:40] Starting verification for game date 2026-02-18
[2026-02-23T02:43:41] WARN: Failed to fetch Mars: Bad response code 503
[2026-02-23T02:43:41] WARN: Failed to fetch Jupiter: Bad response code 503
[2026-02-23T02:43:41] WARN: Failed to fetch Saturn: Bad response code 503
[2026-02-23T02:43:41] WARN: Failed to fetch Uranus: Bad response code 503
[2026-02-23T02:43:41] WARN: Failed to fetch Neptune: Bad response code 503
[2026-02-23T02:43:41] No JPL data received — skipping verification (network may be unavailable)
[2026-02-23T02:55:37] Starting verification for game date 2026-02-18
[2026-02-23T02:55:38] WARN: Failed to fetch Saturn: Bad response code 503
[2026-02-23T02:55:38] WARN: Failed to fetch Earth: Bad response code 503
[2026-02-23T02:55:38] WARN: Failed to fetch Mars: Bad response code 503
[2026-02-23T02:55:38] WARN: Failed to fetch Uranus: Bad response code 503
[2026-02-23T02:55:38] WARN: Failed to fetch Neptune: Bad response code 503
[2026-02-23T02:55:38] No JPL data received — skipping verification (network may be unavailable)
[2026-02-23T03:17:01] Starting verification for game date 2026-02-18
[2026-02-23T03:17:02] WARN: Failed to fetch Saturn: Bad response code 503
[2026-02-23T03:17:02] WARN: Failed to fetch Uranus: Bad response code 503
[2026-02-23T03:17:02] WARN: Failed to fetch Neptune: Bad response code 503
[2026-02-23T03:17:02] WARN: Failed to fetch Venus: Bad response code 503
[2026-02-23T03:17:02] WARN: Failed to fetch Earth: Bad response code 503
[2026-02-23T03:17:02] No JPL data received — skipping verification (network may be unavailable)
[2026-02-23T13:34:07] Starting verification for game date 2026-02-18
[2026-02-23T13:34:08] Network unavailable — skipping verification. Will retry next cycle.
[2026-02-23T13:39:21] Starting verification for game date 2026-02-18
[2026-02-23T13:39:21] Network unavailable — skipping verification. Will retry next cycle.
[2026-02-23T13:45:15] Starting verification for game date 2026-02-18
[2026-02-23T13:45:15] Network unavailable — skipping verification. Will retry next cycle.
[2026-02-23T14:01:40] Starting verification for game date 2026-02-18
[2026-02-23T14:01:41] Network unavailable — skipping verification. Will retry next cycle.
[2026-02-23T14:04:40] Starting verification for game date 2026-02-18
[2026-02-23T14:04:40] Network unavailable — skipping verification. Will retry next cycle.
[2026-02-23T14:50:19] Starting verification for game date 2026-02-18
[2026-02-23T14:50:20] Network unavailable — skipping verification. Will retry next cycle.
[2026-02-23T14:53:45] Starting verification for game date 2026-02-18
[2026-02-23T14:53:45] Network unavailable — skipping verification. Will retry next cycle.
[2026-02-23T14:56:13] Starting verification for game date 2026-02-18
[2026-02-23T14:56:13] Network unavailable — skipping verification. Will retry next cycle.
[2026-02-23T15:07:03] Starting verification for game date 2026-02-18
[2026-02-23T15:07:03] Network unavailable — skipping verification. Will retry next cycle.
[2026-02-23T15:17:36] Starting verification for game date 2026-02-18
[2026-02-23T15:17:37] Network unavailable — skipping verification. Will retry next cycle.
[2026-02-23T15:18:20] Starting verification for game date 2026-02-18
[2026-02-23T15:18:20] Network unavailable — skipping verification. Will retry next cycle.
[2026-02-23T15:19:20] Starting verification for game date 2026-02-18
[2026-02-23T15:19:20] Network unavailable — skipping verification. Will retry next cycle.
[2026-02-23T15:25:52] Starting verification for game date 2026-02-18
[2026-02-23T15:25:52] Network unavailable — skipping verification. Will retry next cycle.
[2026-02-23T15:29:53] Starting verification for game date 2026-02-18
[2026-02-23T15:29:53] Network unavailable — skipping verification. Will retry next cycle.
[2026-02-23T15:32:45] Starting verification for game date 2026-02-18
[2026-02-23T15:32:46] Network unavailable — skipping verification. Will retry next cycle.
[2026-02-23T15:33:50] Starting verification for game date 2026-02-18
[2026-02-23T15:33:50] Network unavailable — skipping verification. Will retry next cycle.
[2026-02-23T15:37:31] Starting verification for game date 2026-02-18
[2026-02-23T15:37:32] Network unavailable — skipping verification. Will retry next cycle.
[2026-02-23T15:40:55] Starting verification for game date 2026-02-18
[2026-02-23T15:40:56] Network unavailable — skipping verification. Will retry next cycle.
[2026-02-23T16:00:06] Starting verification for game date 2026-02-18
[2026-02-23T16:00:06] Network unavailable — skipping verification. Will retry next cycle.
[2026-02-23T16:00:23] Starting verification for game date 2026-02-18
[2026-02-23T16:00:23] Network unavailable — skipping verification. Will retry next cycle.
[2026-02-23T16:00:36] Starting verification for game date 2026-02-18
[2026-02-23T16:00:36] Network unavailable — skipping verification. Will retry next cycle.
[2026-02-23T16:03:27] Starting verification for game date 2026-02-18
[2026-02-23T16:03:28] Network unavailable — skipping verification. Will retry next cycle.
[2026-02-23T16:09:18] Starting verification for game date 2026-02-18
[2026-02-23T16:09:18] Network unavailable — skipping verification. Will retry next cycle.
[2026-02-23T16:10:05] Starting verification for game date 2026-02-18
[2026-02-23T16:10:05] Network unavailable — skipping verification. Will retry next cycle.
[2026-02-23T16:15:14] Starting verification for game date 2026-02-18
[2026-02-23T16:15:14] Network unavailable — skipping verification. Will retry next cycle.
[2026-02-23T16:31:26] Starting verification for game date 2026-02-18
[2026-02-23T16:31:26] Network unavailable — skipping verification. Will retry next cycle.
[2026-02-23T16:34:35] Starting verification for game date 2026-02-18
[2026-02-23T16:34:35] Network unavailable — skipping verification. Will retry next cycle.
[2026-02-23T16:45:31] Starting verification for game date 2026-02-18
[2026-02-23T16:45:31] Network unavailable — skipping verification. Will retry next cycle.
[2026-02-23T16:47:19] Starting verification for game date 2026-02-18
[2026-02-23T16:47:19] Network unavailable — skipping verification. Will retry next cycle.
[2026-02-23T16:54:17] Starting verification for game date 2026-02-18
[2026-02-23T16:54:17] Network unavailable — skipping verification. Will retry next cycle.
[2026-02-23T16:58:34] Starting verification for game date 2026-02-18
[2026-02-23T16:58:34] Network unavailable — skipping verification. Will retry next cycle.
[2026-02-23T17:05:25] Starting verification for game date 2026-02-18
[2026-02-23T17:05:26] Network unavailable — skipping verification. Will retry next cycle.
[2026-02-23T21:37:50] Starting verification for game date 2026-02-18
[2026-02-23T21:37:51] Network unavailable — skipping verification. Will retry next cycle.
[2026-02-23T21:39:39] Starting verification for game date 2026-02-18
[2026-02-23T21:39:39] Network unavailable — skipping verification. Will retry next cycle.
[2026-02-23T21:40:42] Starting verification for game date 2026-02-18
[2026-02-23T21:40:42] Network unavailable — skipping verification. Will retry next cycle.
[2026-02-23T21:43:53] Starting verification for game date 2026-02-18
[2026-02-23T21:43:53] Network unavailable — skipping verification. Will retry next cycle.
[2026-02-23T23:14:39] Starting verification for game date 2026-02-18
[2026-02-23T23:14:40] WARN: Failed to fetch Earth: Bad response code 503
[2026-02-23T23:14:40] WARN: Failed to fetch Jupiter: Bad response code 503
[2026-02-23T23:14:40] WARN: Failed to fetch Saturn: Bad response code 503
[2026-02-23T23:14:40] WARN: Failed to fetch Uranus: Bad response code 503
[2026-02-23T23:14:40] WARN: Failed to fetch Neptune: Bad response code 503
[2026-02-23T23:14:40] No JPL data received — skipping verification (network may be unavailable)
[2026-02-23T23:15:06] Starting verification for game date 2026-02-18
[2026-02-23T23:15:06] WARN: Failed to fetch Earth: Bad response code 503
[2026-02-23T23:15:06] WARN: Failed to fetch Mars: Bad response code 503
[2026-02-23T23:15:06] WARN: Failed to fetch Jupiter: Bad response code 503
[2026-02-23T23:15:06] WARN: Failed to fetch Uranus: Bad response code 503
[2026-02-23T23:15:06] WARN: Failed to fetch Neptune: Bad response code 503
[2026-02-23T23:15:07] No JPL data received — skipping verification (network may be unavailable)
[2026-02-23T23:35:03] Starting verification for game date 2026-02-18
[2026-02-23T23:35:04] WARN: Failed to fetch Saturn: Bad response code 503
[2026-02-23T23:35:04] WARN: Failed to fetch Neptune: Bad response code 503
[2026-02-23T23:35:04] WARN: Failed to fetch Earth: Bad response code 503
[2026-02-23T23:35:04] WARN: Failed to fetch Jupiter: Bad response code 503
[2026-02-23T23:35:05] No JPL data received — skipping verification (network may be unavailable)
[2026-02-23T23:48:49] Starting verification for game date 2026-02-18
[2026-02-23T23:48:51] WARN: Failed to fetch Earth: Bad response code 503
[2026-02-23T23:48:51] WARN: Failed to fetch Mars: Bad response code 503
[2026-02-23T23:48:51] WARN: Failed to fetch Jupiter: Bad response code 503
[2026-02-23T23:48:51] WARN: Failed to fetch Saturn: Bad response code 503
[2026-02-23T23:48:51] WARN: Failed to fetch Uranus: Bad response code 503
[2026-02-23T23:48:51] No JPL data received — skipping verification (network may be unavailable)
[2026-02-24T00:23:35] Starting verification for game date 2026-02-18
[2026-02-24T00:23:36] WARN: Failed to fetch Venus: Bad response code 503
[2026-02-24T00:23:36] WARN: Failed to fetch Jupiter: Bad response code 503
[2026-02-24T00:23:36] WARN: Failed to fetch Uranus: Bad response code 503
[2026-02-24T00:23:36] WARN: Failed to fetch Neptune: Bad response code 503
[2026-02-24T00:23:36] WARN: Failed to fetch Mars: Bad response code 503
[2026-02-24T00:23:36] No JPL data received — skipping verification (network may be unavailable)
[2026-02-24T00:25:49] Starting verification for game date 2026-02-18
[2026-02-24T00:25:50] WARN: Failed to fetch Jupiter: Bad response code 503
[2026-02-24T00:25:50] WARN: Failed to fetch Saturn: Bad response code 503
[2026-02-24T00:25:50] WARN: Failed to fetch Neptune: Bad response code 503
[2026-02-24T00:25:50] WARN: Failed to fetch Earth: Bad response code 503
[2026-02-24T00:25:50] WARN: Failed to fetch Uranus: Bad response code 503
[2026-02-24T00:25:50] No JPL data received — skipping verification (network may be unavailable)
[2026-02-24T00:42:53] Starting verification for game date 2026-02-18
[2026-02-24T00:42:54] WARN: Failed to fetch Mars: Bad response code 503
[2026-02-24T00:42:54] WARN: Failed to fetch Jupiter: Bad response code 503
[2026-02-24T00:42:54] WARN: Failed to fetch Saturn: Bad response code 503
[2026-02-24T00:42:54] WARN: Failed to fetch Uranus: Bad response code 503
[2026-02-24T00:42:54] WARN: Failed to fetch Neptune: Bad response code 503
[2026-02-24T00:42:54] No JPL data received — skipping verification (network may be unavailable)
[2026-02-24T11:43:05] Starting verification for game date 2026-02-18
[2026-02-24T11:43:06] WARN: Failed to fetch Mars: Bad response code 503
[2026-02-24T11:43:06] WARN: Failed to fetch Neptune: Bad response code 503
[2026-02-24T11:43:06] WARN: Failed to fetch Venus: Bad response code 503
[2026-02-24T11:43:06] WARN: Failed to fetch Earth: Bad response code 503
[2026-02-24T11:43:06] WARN: Failed to fetch Jupiter: Bad response code 503
[2026-02-24T11:43:06] No JPL data received — skipping verification (network may be unavailable)
[2026-02-24T11:47:02] Starting verification for game date 2026-02-18
[2026-02-24T11:47:03] WARN: Failed to fetch Earth: Bad response code 503
[2026-02-24T11:47:03] WARN: Failed to fetch Mars: Bad response code 503
[2026-02-24T11:47:03] WARN: Failed to fetch Saturn: Bad response code 503
[2026-02-24T11:47:03] WARN: Failed to fetch Uranus: Bad response code 503
[2026-02-24T11:47:03] WARN: Failed to fetch Neptune: Bad response code 503
[2026-02-24T11:47:03] No JPL data received — skipping verification (network may be unavailable)
[2026-02-24T12:00:39] Starting verification for game date 2026-02-18
[2026-02-24T12:00:40] WARN: Failed to fetch Earth: Bad response code 503
[2026-02-24T12:00:40] WARN: Failed to fetch Mars: Bad response code 503
[2026-02-24T12:00:40] WARN: Failed to fetch Uranus: Bad response code 503
[2026-02-24T12:00:40] WARN: Failed to fetch Neptune: Bad response code 503
[2026-02-24T12:00:40] No JPL data received — skipping verification (network may be unavailable)
[2026-02-24T12:21:42] Starting verification for game date 2026-02-18
[2026-02-24T12:21:43] WARN: Failed to fetch Earth: Bad response code 503
[2026-02-24T12:21:43] WARN: Failed to fetch Saturn: Bad response code 503
[2026-02-24T12:21:43] WARN: Failed to fetch Neptune: Bad response code 503
[2026-02-24T12:21:43] WARN: Failed to fetch Venus: Bad response code 503
[2026-02-24T12:21:43] WARN: Failed to fetch Mars: Bad response code 503
[2026-02-24T12:21:43] No JPL data received — skipping verification (network may be unavailable)
[2026-02-24T12:38:19] Starting verification for game date 2026-02-18
[2026-02-24T12:38:20] WARN: Failed to fetch Earth: Bad response code 503
[2026-02-24T12:38:20] WARN: Failed to fetch Mars: Bad response code 503
[2026-02-24T12:38:20] WARN: Failed to fetch Saturn: Bad response code 503
[2026-02-24T12:38:20] WARN: Failed to fetch Uranus: Bad response code 503
[2026-02-24T12:38:20] WARN: Failed to fetch Neptune: Bad response code 503
[2026-02-24T12:38:20] No JPL data received — skipping verification (network may be unavailable)
[2026-02-24T13:32:25] Starting verification for game date 2026-02-18
[2026-02-24T13:32:25] Network unavailable — skipping verification. Will retry next cycle.
[2026-02-24T13:34:57] Starting verification for game date 2026-02-18
[2026-02-24T13:34:57] Network unavailable — skipping verification. Will retry next cycle.
[2026-02-24T13:36:42] Starting verification for game date 2026-02-18
[2026-02-24T13:36:42] Network unavailable — skipping verification. Will retry next cycle.
[2026-02-24T13:38:20] Starting verification for game date 2026-02-18
[2026-02-24T13:38:20] Network unavailable — skipping verification. Will retry next cycle.
[2026-02-24T13:39:20] Starting verification for game date 2026-02-18
[2026-02-24T13:39:20] Network unavailable — skipping verification. Will retry next cycle.
[2026-02-24T13:52:17] Starting verification for game date 2026-02-18
[2026-02-24T13:52:17] Network unavailable — skipping verification. Will retry next cycle.
[2026-02-24T14:07:04] Starting verification for game date 2026-02-18
[2026-02-24T14:07:04] Network unavailable — skipping verification. Will retry next cycle.
[2026-02-24T14:12:03] Starting verification for game date 2026-02-18
[2026-02-24T14:12:03] Network unavailable — skipping verification. Will retry next cycle.
[2026-02-24T14:58:05] Starting verification for game date 2026-02-18
[2026-02-24T14:58:05] Network unavailable — skipping verification. Will retry next cycle.
[2026-02-24T15:11:38] Starting verification for game date 2026-02-18
[2026-02-24T15:11:38] Network unavailable — skipping verification. Will retry next cycle.
[2026-02-24T15:42:54] Starting verification for game date 2026-02-18
[2026-02-24T15:42:55] Network unavailable — skipping verification. Will retry next cycle.
[2026-02-24T18:09:46] Starting verification for game date 2026-02-18
[2026-02-24T18:09:46] Network unavailable — skipping verification. Will retry next cycle.
[2026-02-24T18:30:37] Starting verification for game date 2026-02-18
[2026-02-24T18:30:37] Network unavailable — skipping verification. Will retry next cycle.
[2026-02-24T18:38:40] Starting verification for game date 2026-02-18
[2026-02-24T18:38:40] Network unavailable — skipping verification. Will retry next cycle.
[2026-02-24T18:52:40] Starting verification for game date 2026-02-18
[2026-02-24T18:52:41] Network unavailable — skipping verification. Will retry next cycle.
[2026-02-24T20:16:08] Starting verification for game date 2026-02-18
[2026-02-24T20:16:08] Network unavailable — skipping verification. Will retry next cycle.
[2026-02-24T20:26:45] Starting verification for game date 2026-02-18
[2026-02-24T20:26:45] Network unavailable — skipping verification. Will retry next cycle.
[2026-02-24T20:27:02] Starting verification for game date 2026-02-18
[2026-02-24T20:27:02] Network unavailable — skipping verification. Will retry next cycle.
[2026-02-24T20:36:30] Starting verification for game date 2026-02-18
[2026-02-24T20:36:30] Network unavailable — skipping verification. Will retry next cycle.
[2026-02-24T20:39:03] Starting verification for game date 2026-02-23
[2026-02-24T20:39:03] Network unavailable — skipping verification. Will retry next cycle.
[2026-02-24T20:48:41] Starting verification for game date 2026-02-18
[2026-02-24T20:48:42] Network unavailable — skipping verification. Will retry next cycle.
[2026-02-24T20:59:28] Starting verification for game date 2026-02-20
[2026-02-24T20:59:28] Network unavailable — skipping verification. Will retry next cycle.
[2026-02-24T21:00:43] Starting verification for game date 2026-02-23
[2026-02-24T21:00:44] Network unavailable — skipping verification. Will retry next cycle.
[2026-02-24T21:16:59] Starting verification for game date 2026-02-23
[2026-02-24T21:16:59] Network unavailable — skipping verification. Will retry next cycle.
[2026-02-24T21:18:16] Starting verification for game date 2026-02-21
[2026-02-24T21:18:17] Network unavailable — skipping verification. Will retry next cycle.
[2026-02-24T21:24:58] Starting verification for game date 2026-02-20
[2026-02-24T21:24:58] Network unavailable — skipping verification. Will retry next cycle.
[2026-02-25T13:08:50] Starting verification for game date 2026-02-18
[2026-02-25T13:08:50] Network unavailable — skipping verification. Will retry next cycle.
[2026-02-25T13:30:18] Starting verification for game date 2026-02-18
[2026-02-25T13:30:20] Network unavailable — skipping verification. Will retry next cycle.
[2026-02-25T13:31:30] Starting verification for game date 2026-02-18
[2026-02-25T13:31:30] Network unavailable — skipping verification. Will retry next cycle.
[2026-02-25T13:37:58] Starting verification for game date 2026-02-18
[2026-02-25T13:37:58] Network unavailable — skipping verification. Will retry next cycle.
[2026-02-25T14:20:27] Starting verification for game date 2026-02-21
[2026-02-25T14:20:28] Network unavailable — skipping verification. Will retry next cycle.
[2026-02-25T14:26:12] Starting verification for game date 2026-02-24
[2026-02-25T14:26:12] Network unavailable — skipping verification. Will retry next cycle.
[2026-02-25T15:43:34] Starting verification for game date 2026-02-20
[2026-02-25T15:43:34] Network unavailable — skipping verification. Will retry next cycle.
[2026-02-25T16:20:19] Starting verification for game date 2026-02-18
[2026-02-25T16:20:19] Network unavailable — skipping verification. Will retry next cycle.
[2026-02-25T16:43:58] Starting verification for game date 2026-02-18
[2026-02-25T16:43:59] Network unavailable — skipping verification. Will retry next cycle.
[2026-02-25T16:57:04] Starting verification for game date 2026-02-18
[2026-02-25T16:57:04] Network unavailable — skipping verification. Will retry next cycle.
